/home/pophumanvar/phv_pipeline/selscan-linux-1.3.0/selscan --nsl --vcf /home/pophumanvar/phv_pipeline/bedouin_edar_recoded_0124_163505/bedouin_edar_recoded.vcf.gz --out /home/pophumanvar/phv_pipeline/bedouin_edar_recoded_0124_163505/out --maf 0.05 --max-gap 200000 --gap-scale 20000 --max-extend-nsl 100 
v1.3.0
Calculating  nSL.
Input filename: /home/pophumanvar/phv_pipeline/bedouin_edar_recoded_0124_163505/bedouin_edar_recoded.vcf.gz
Map filename: __mapfile
Output file: /home/pophumanvar/phv_pipeline/bedouin_edar_recoded_0124_163505/out.nsl.out
Threads: 1
Scale parameter: 20000
Max gap parameter: 200000
EHH cutoff value: 0.05
Alt flag set: no
--skip-low-freq set. Removing all variants < 0.05.
Removed 1333 low frequency variants.
WARNING: Reached chromosome edge before EHH decayed below 0. Skipping calculation at rs114146804
WARNING: Reached chromosome edge before EHH decayed below 0. Skipping calculation at rs1686418
WARNING: Reached chromosome edge before EHH decayed below 0. Skipping calculation at rs55770944
WARNING: Reached chromosome edge before EHH decayed below 0. Skipping calculation at rs149553803
WARNING: Reached chromosome edge before EHH decayed below 0. Skipping calculation at rs1106184
WARNING: Reached chromosome edge before EHH decayed below 0. Skipping calculation at rs72779474
WARNING: Reached chromosome edge before EHH decayed below 0. Skipping calculation at rs1734406
WARNING: Reached chromosome edge before EHH decayed below 0. Skipping calculation at rs56344711
WARNING: Reached chromosome edge before EHH decayed below 0. Skipping calculation at rs55719303
WARNING: Reached chromosome edge before EHH decayed below 0. Skipping calculation at rs77966298
WARNING: Reached chromosome edge before EHH decayed below 0. Skipping calculation at rs1734386
WARNING: Reached chromosome edge before EHH decayed below 0. Skipping calculation at rs1734395
WARNING: Reached chromosome edge before EHH decayed below 0. Skipping calculation at rs2952625
WARNING: Reached chromosome edge before EHH decayed below 0. Skipping calculation at rs80072521
WARNING: Reached chromosome edge before EHH decayed below 0. Skipping calculation at rs16856747
WARNING: Reached chromosome edge before EHH decayed below 0. Skipping calculation at rs17365609
WARNING: Reached chromosome edge before EHH decayed below 0. Skipping calculation at rs12053530
WARNING: Reached chromosome edge before EHH decayed below 0. Skipping calculation at rs13027142
WARNING: Reached chromosome edge before EHH decayed below 0. Skipping calculation at rs12468528
WARNING: Reached chromosome edge before EHH decayed below 0. Skipping calculation at rs56143011
WARNING: Reached chromosome edge before EHH decayed below 0. Skipping calculation at rs59405278
WARNING: Reached chromosome edge before EHH decayed below 0. Skipping calculation at rs67986325
WARNING: Reached chromosome edge before EHH decayed below 0. Skipping calculation at rs1574182
WARNING: Reached chromosome edge before EHH decayed below 0. Skipping calculation at rs56979974
WARNING: Reached chromosome edge before EHH decayed below 0. Skipping calculation at rs12468260
WARNING: Reached chromosome edge before EHH decayed below 0. Skipping calculation at rs1922718
WARNING: Reached chromosome edge before EHH decayed below 0. Skipping calculation at rs4669639
WARNING: Reached chromosome edge before EHH decayed below 0. Skipping calculation at rs73176584
WARNING: Reached chromosome edge before EHH decayed below 0. Skipping calculation at rs1922717
WARNING: Reached chromosome edge before EHH decayed below 0. Skipping calculation at rs2357882
WARNING: Reached chromosome edge before EHH decayed below 0. Skipping calculation at rs11902863
WARNING: Reached chromosome edge before EHH decayed below 0. Skipping calculation at rs10929707
WARNING: Reached chromosome edge before EHH decayed below 0. Skipping calculation at rs2178739
WARNING: Reached chromosome edge before EHH decayed below 0. Skipping calculation at rs7574934
WARNING: Reached chromosome edge before EHH decayed below 0. Skipping calculation at rs2141923
WARNING: Reached chromosome edge before EHH decayed below 0. Skipping calculation at rs10803730
WARNING: Reached chromosome edge before EHH decayed below 0. Skipping calculation at rs116010812
WARNING: Reached chromosome edge before EHH decayed below 0. Skipping calculation at rs12233039
WARNING: Reached chromosome edge before EHH decayed below 0. Skipping calculation at rs4668701
WARNING: Reached chromosome edge before EHH decayed below 0. Skipping calculation at rs4669647
WARNING: Reached chromosome edge before EHH decayed below 0. Skipping calculation at rs11674438
WARNING: Reached chromosome edge before EHH decayed below 0. Skipping calculation at rs1467993
WARNING: Reached chromosome edge before EHH decayed below 0. Skipping calculation at rs930764
WARNING: Reached chromosome edge before EHH decayed below 0. Skipping calculation at rs2084927
WARNING: Reached chromosome edge before EHH decayed below 0. Skipping calculation at rs7578164
WARNING: Reached chromosome edge before EHH decayed below 0. Skipping calculation at rs10174001
WARNING: Reached chromosome edge before EHH decayed below 0. Skipping calculation at rs145144388
WARNING: Reached chromosome edge before EHH decayed below 0. Skipping calculation at rs71439036
WARNING: Reached chromosome edge before EHH decayed below 0. Skipping calculation at rs4669651
WARNING: Reached chromosome edge before EHH decayed below 0. Skipping calculation at rs6744936
WARNING: Reached chromosome edge before EHH decayed below 0. Skipping calculation at rs4669653
WARNING: Reached chromosome edge before EHH decayed below 0. Skipping calculation at rs4233892
WARNING: Reached chromosome edge before EHH decayed below 0. Skipping calculation at rs34889403
WARNING: Reached chromosome edge before EHH decayed below 0. Skipping calculation at rs7594176
WARNING: Reached chromosome edge before EHH decayed below 0. Skipping calculation at rs7594183
WARNING: Reached chromosome edge before EHH decayed below 0. Skipping calculation at rs2084928
WARNING: Reached chromosome edge before EHH decayed below 0. Skipping calculation at rs77156771
WARNING: Reached chromosome edge before EHH decayed below 0. Skipping calculation at rs73917612
WARNING: Reached chromosome edge before EHH decayed below 0. Skipping calculation at rs146448651
WARNING: Reached chromosome edge before EHH decayed below 0. Skipping calculation at rs79244064
WARNING: Reached chromosome edge before EHH decayed below 0. Skipping calculation at rs751289
WARNING: Reached chromosome edge before EHH decayed below 0. Skipping calculation at rs998373
WARNING: Reached chromosome edge before EHH decayed below 0. Skipping calculation at rs36025172
WARNING: Reached chromosome edge before EHH decayed below 0. Skipping calculation at rs13026663
WARNING: Reached chromosome edge before EHH decayed below 0. Skipping calculation at rs6745077
WARNING: Reached chromosome edge before EHH decayed below 0. Skipping calculation at rs13009756
WARNING: Reached chromosome edge before EHH decayed below 0. Skipping calculation at rs76890996
WARNING: Reached chromosome edge before EHH decayed below 0. Skipping calculation at rs6748518
WARNING: Reached chromosome edge before EHH decayed below 0. Skipping calculation at rs6754020
WARNING: Reached chromosome edge before EHH decayed below 0. Skipping calculation at rs62119119
WARNING: Reached chromosome edge before EHH decayed below 0. Skipping calculation at rs754798
WARNING: Reached chromosome edge before EHH decayed below 0. Skipping calculation at rs10195742
WARNING: Reached chromosome edge before EHH decayed below 0. Skipping calculation at rs12373589
WARNING: Reached chromosome edge before EHH decayed below 0. Skipping calculation at rs12373730
WARNING: Reached chromosome edge before EHH decayed below 0. Skipping calculation at rs6714153
WARNING: Reached chromosome edge before EHH decayed below 0. Skipping calculation at rs13022057
WARNING: Reached chromosome edge before EHH decayed below 0. Skipping calculation at rs7586594
WARNING: Reached chromosome edge before EHH decayed below 0. Skipping calculation at rs72783410
WARNING: Reached chromosome edge before EHH decayed below 0. Skipping calculation at rs11679387
WARNING: Reached chromosome edge before EHH decayed below 0. Skipping calculation at rs2357886
WARNING: Reached chromosome edge before EHH decayed below 0. Skipping calculation at rs733243
WARNING: Reached chromosome edge before EHH decayed below 0. Skipping calculation at rs4669679
WARNING: Reached chromosome edge before EHH decayed below 0. Skipping calculation at rs12994083
WARNING: Reached chromosome edge before EHH decayed below 0. Skipping calculation at rs12992549
WARNING: Reached chromosome edge before EHH decayed below 0. Skipping calculation at rs12692429
WARNING: Reached chromosome edge before EHH decayed below 0. Skipping calculation at rs11685374
WARNING: Reached chromosome edge before EHH decayed below 0. Skipping calculation at rs6432164
WARNING: Reached chromosome edge before EHH decayed below 0. Skipping calculation at rs4668711
WARNING: Reached chromosome edge before EHH decayed below 0. Skipping calculation at rs34261765
WARNING: Reached chromosome edge before EHH decayed below 0. Skipping calculation at rs74419748
WARNING: Reached chromosome edge before EHH decayed below 0. Skipping calculation at rs16857110
WARNING: Reached chromosome edge before EHH decayed below 0. Skipping calculation at rs143155935
WARNING: Reached chromosome edge before EHH decayed below 0. Skipping calculation at rs73917721
WARNING: Reached chromosome edge before EHH decayed below 0. Skipping calculation at rs13019113
WARNING: Reached chromosome edge before EHH decayed below 0. Skipping calculation at rs13419117
WARNING: Reached chromosome edge before EHH decayed below 0. Skipping calculation at rs112277426
WARNING: Reached chromosome edge before EHH decayed below 0. Skipping calculation at rs4669685
WARNING: Reached chromosome edge before EHH decayed below 0. Skipping calculation at rs13417860
WARNING: Reached chromosome edge before EHH decayed below 0. Skipping calculation at rs4668712
WARNING: Reached chromosome edge before EHH decayed below 0. Skipping calculation at rs35745286
WARNING: Reached chromosome edge before EHH decayed below 0. Skipping calculation at rs80253972
WARNING: Reached chromosome edge before EHH decayed below 0. Skipping calculation at rs6708491
WARNING: Reached chromosome edge before EHH decayed below 0. Skipping calculation at rs1597984
WARNING: Reached chromosome edge before EHH decayed below 0. Skipping calculation at rs12692477
WARNING: Reached chromosome edge before EHH decayed below 0. Skipping calculation at rs11690119
WARNING: Reached chromosome edge before EHH decayed below 0. Skipping calculation at rs11696029
WARNING: Reached chromosome edge before EHH decayed below 0. Skipping calculation at rs1898600
WARNING: Reached chromosome edge before EHH decayed below 0. Skipping calculation at rs11678162
WARNING: Reached chromosome edge before EHH decayed below 0. Skipping calculation at rs140190041
WARNING: Reached chromosome edge before EHH decayed below 0. Skipping calculation at rs114680775
WARNING: Reached chromosome edge before EHH decayed below 0. Skipping calculation at rs34260221
WARNING: Reached chromosome edge before EHH decayed below 0. Skipping calculation at rs7600000
WARNING: Reached chromosome edge before EHH decayed below 0. Skipping calculation at rs6738906
WARNING: Reached chromosome edge before EHH decayed below 0. Skipping calculation at rs114857552
WARNING: Reached chromosome edge before EHH decayed below 0. Skipping calculation at rs17465169
WARNING: Reached chromosome edge before EHH decayed below 0. Skipping calculation at rs35845577
WARNING: Reached chromosome edge before EHH decayed below 0. Skipping calculation at rs1918735
WARNING: Reached chromosome edge before EHH decayed below 0. Skipping calculation at rs4668761
WARNING: Reached chromosome edge before EHH decayed below 0. Skipping calculation at rs11689808
WARNING: Reached chromosome edge before EHH decayed below 0. Skipping calculation at rs181036680
WARNING: Reached chromosome edge before EHH decayed below 0. Skipping calculation at rs11685890
WARNING: Reached chromosome edge before EHH decayed below 0. Skipping calculation at rs12990104
WARNING: Reached chromosome edge before EHH decayed below 0. Skipping calculation at rs10189445
WARNING: Reached chromosome edge before EHH decayed below 0. Skipping calculation at rs62115720
WARNING: Reached chromosome edge before EHH decayed below 0. Skipping calculation at rs16858854
WARNING: Reached chromosome edge before EHH decayed below 0. Skipping calculation at rs74715517
WARNING: Reached chromosome edge before EHH decayed below 0. Skipping calculation at rs13401913
WARNING: Reached chromosome edge before EHH decayed below 0. Skipping calculation at rs12475558
WARNING: Reached chromosome edge before EHH decayed below 0. Skipping calculation at rs12478309
WARNING: Reached chromosome edge before EHH decayed below 0. Skipping calculation at rs2118515
WARNING: Reached chromosome edge before EHH decayed below 0. Skipping calculation at rs2049676
WARNING: Reached chromosome edge before EHH decayed below 0. Skipping calculation at rs6432292
WARNING: Reached chromosome edge before EHH decayed below 0. Skipping calculation at rs35882238
WARNING: Reached chromosome edge before EHH decayed below 0. Skipping calculation at rs7578262
WARNING: Reached chromosome edge before EHH decayed below 0. Skipping calculation at rs12052996
WARNING: Reached chromosome edge before EHH decayed below 0. Skipping calculation at rs10803747
WARNING: Reached chromosome edge before EHH decayed below 0. Skipping calculation at rs4377309
WARNING: Reached chromosome edge before EHH decayed below 0. Skipping calculation at rs11679693
WARNING: Reached chromosome edge before EHH decayed below 0. Skipping calculation at rs138039593
WARNING: Reached chromosome edge before EHH decayed below 0. Skipping calculation at rs6709385
WARNING: Reached chromosome edge before EHH decayed below 0. Skipping calculation at rs1534429
WARNING: Reached chromosome edge before EHH decayed below 0. Skipping calculation at rs76392210
WARNING: Reached chromosome edge before EHH decayed below 0. Skipping calculation at rs11904698
WARNING: Reached chromosome edge before EHH decayed below 0. Skipping calculation at rs55704858
WARNING: Reached chromosome edge before EHH decayed below 0. Skipping calculation at rs12616134
WARNING: Reached chromosome edge before EHH decayed below 0. Skipping calculation at rs779925
WARNING: Reached chromosome edge before EHH decayed below 0. Skipping calculation at rs6745155
WARNING: Reached chromosome edge before EHH decayed below 0. Skipping calculation at rs73193419
WARNING: Reached chromosome edge before EHH decayed below 0. Skipping calculation at rs6731213
WARNING: Reached chromosome edge before EHH decayed below 0. Skipping calculation at rs6716755
WARNING: Reached chromosome edge before EHH decayed below 0. Skipping calculation at rs11898082
WARNING: Reached chromosome edge before EHH decayed below 0. Skipping calculation at rs79209494
WARNING: Reached chromosome edge before EHH decayed below 0. Skipping calculation at rs11892400
WARNING: Reached chromosome edge before EHH decayed below 0. Skipping calculation at rs4668771
WARNING: Reached chromosome edge before EHH decayed below 0. Skipping calculation at rs4538172
WARNING: Reached chromosome edge before EHH decayed below 0. Skipping calculation at rs11689528
WARNING: Reached chromosome edge before EHH decayed below 0. Skipping calculation at rs2139380
WARNING: Reached chromosome edge before EHH decayed below 0. Skipping calculation at rs7609504
WARNING: Reached chromosome edge before EHH decayed below 0. Skipping calculation at rs871535
WARNING: Reached chromosome edge before EHH decayed below 0. Skipping calculation at rs72779638
WARNING: Reached chromosome edge before EHH decayed below 0. Skipping calculation at rs79981783
WARNING: Reached chromosome edge before EHH decayed below 0. Skipping calculation at rs883804
WARNING: Reached chromosome edge before EHH decayed below 0. Skipping calculation at rs150226882
WARNING: Reached chromosome edge before EHH decayed below 0. Skipping calculation at rs11900869
WARNING: Reached chromosome edge before EHH decayed below 0. Skipping calculation at rs55723502
WARNING: Reached chromosome edge before EHH decayed below 0. Skipping calculation at rs184717452
WARNING: Reached chromosome edge before EHH decayed below 0. Skipping calculation at rs4669867
WARNING: Reached chromosome edge before EHH decayed below 0. Skipping calculation at rs56175057
WARNING: Reached chromosome edge before EHH decayed below 0. Skipping calculation at rs476805
WARNING: Reached chromosome edge before EHH decayed below 0. Skipping calculation at rs72779695
WARNING: Reached chromosome edge before EHH decayed below 0. Skipping calculation at rs16859252
WARNING: Reached chromosome edge before EHH decayed below 0. Skipping calculation at rs73199118
WARNING: Reached chromosome edge before EHH decayed below 0. Skipping calculation at rs75993888
WARNING: Reached chromosome edge before EHH decayed below 0. Skipping calculation at rs62124709
WARNING: Reached chromosome edge before EHH decayed below 0. Skipping calculation at rs35345429
WARNING: Reached chromosome edge before EHH decayed below 0. Skipping calculation at rs12464026
WARNING: Reached chromosome edge before EHH decayed below 0. Skipping calculation at rs2004818
WARNING: Reached chromosome edge before EHH decayed below 0. Skipping calculation at rs1808468
WARNING: Reached chromosome edge before EHH decayed below 0. Skipping calculation at rs654004
WARNING: Reached chromosome edge before EHH decayed below 0. Skipping calculation at rs624895
WARNING: Reached chromosome edge before EHH decayed below 0. Skipping calculation at rs62124723
WARNING: Reached chromosome edge before EHH decayed below 0. Skipping calculation at rs7569039
WARNING: Reached chromosome edge before EHH decayed below 0. Skipping calculation at rs7604252
WARNING: Reached chromosome edge before EHH decayed below 0. Skipping calculation at rs62126066
WARNING: Reached chromosome edge before EHH decayed below 0. Skipping calculation at rs6717278
WARNING: Reached chromosome edge before EHH decayed below 0. Skipping calculation at rs10173916
WARNING: Reached chromosome edge before EHH decayed below 0. Skipping calculation at rs2059428
WARNING: Reached chromosome edge before EHH decayed below 0. Skipping calculation at rs2194725
WARNING: Reached chromosome edge before EHH decayed below 0. Skipping calculation at rs6432325
WARNING: Reached chromosome edge before EHH decayed below 0. Skipping calculation at rs4669869
WARNING: Reached chromosome edge before EHH decayed below 0. Skipping calculation at rs11885697
WARNING: Reached chromosome edge before EHH decayed below 0. Skipping calculation at rs10191541
WARNING: Reached chromosome edge before EHH decayed below 0. Skipping calculation at rs10199666
WARNING: Reached chromosome edge before EHH decayed below 0. Skipping calculation at rs141062100
WARNING: Reached chromosome edge before EHH decayed below 0. Skipping calculation at rs59835667
WARNING: Reached chromosome edge before EHH decayed below 0. Skipping calculation at rs4669874
WARNING: Reached chromosome edge before EHH decayed below 0. Skipping calculation at rs13016630
WARNING: Reached chromosome edge before EHH decayed below 0. Skipping calculation at rs12619613
WARNING: Reached chromosome edge before EHH decayed below 0. Skipping calculation at rs7580835
WARNING: Reached chromosome edge before EHH decayed below 0. Skipping calculation at rs12328029
