rs7599293	11229267	0.076087	36.5684	16.6299	0.342217
rs4669687	11229946	0.923913	16.6326	36.4256	-0.340447
rs11685699	11232685	0.858696	18.9104	24.0473	-0.104365
rs11678834	11232737	0.141304	24.0729	18.9117	0.104798
rs35790419	11233071	0.141304	24.0986	18.913	0.105231
rs6432170	11233606	0.130435	20.9451	17.5952	0.0756882
rs13425856	11234838	0.119565	23.092	19.5989	0.0712305
rs114790411	11247351	0.076087	70.4523	17.6926	0.600103
rs12692431	11247693	0.195652	27.6824	20.6892	0.12646
rs925748	11247813	0.923913	16.67	33.4077	-0.301911
rs13005670	11252094	0.195652	25.4275	20.6859	0.0896296
rs13408278	11254336	0.0543478	35.0874	15.8353	0.345524
rs10432406	11255523	0.347826	50.2664	11.9003	0.625721
rs12233161	11256748	0.73913	15.3442	32.8824	-0.33102
rs11892684	11258601	0.0978261	73.6625	13.0141	0.752832
rs6735334	11258652	0.358696	47.6707	11.6386	0.61235
rs112676539	11258658	0.119565	23.0158	17.7236	0.113475
rs73187661	11260635	0.108696	60.5966	17.6554	0.535571
rs6752604	11264444	0.0869565	27.2076	17.9014	0.181802
rs72785428	11269525	0.119565	33.4908	19.8388	0.227411
rs6751137	11273813	0.0543478	28.7437	18.1326	0.200082
rs72785431	11279449	0.304348	29.4533	24.7234	0.0760263
rs4446053	11287976	0.945652	16.4439	19.8437	-0.0816174
rs13028675	11293451	0.695652	25.6366	29.0925	-0.0549202
rs13031027	11293791	0.304348	29.0967	25.6328	0.0550476
rs7589786	11296420	0.152174	23.9481	23.541	0.00744481
rs76082732	11297749	0.0543478	34.0499	22.9064	0.172158
rs11888737	11299074	0.0652174	24.6082	24.571	0.000656515
rs866085871	11302876	0.076087	100.926	24.1997	0.620194
rs12986981	11308176	0.184783	29.525	29.4287	0.00141919
rs1515224	11324575	0.184783	37.6771	29.5577	0.105407
rs10454126	11349196	0.804348	30.2579	33.6111	-0.0456434
rs79279261	11354127	0.173913	42.2257	28.7605	0.166781
rs10176416	11366800	0.434783	59.8669	20.0073	0.475999
rs11676201	11371482	0.304348	49.0727	27.0121	0.259282
rs2357996	11380529	0.184783	38.4345	28.0088	0.137427
rs6730673	11393672	0.771739	31.0212	25.9168	0.0780771
rs7558664	11405246	0.771739	31.0192	25.9168	0.0780489
rs1562749	11405277	0.184783	38.4345	28.009	0.137423
rs4303693	11408216	0.195652	35.0921	28.7405	0.086715
rs6713382	11409531	0.217391	29.0574	30.235	-0.0172534
rs12477052	11410094	0.771739	31.0111	26.5043	0.0682012
rs56256182	11412743	0.434783	59.7977	21.6669	0.440887
rs7593091	11424461	0.206522	31.3631	38.5348	-0.0894338
rs6735090	11425110	0.195652	34.6019	37.5211	-0.0351752
rs4669706	11433497	0.217391	28.432	39.5459	-0.143293
rs6732258	11434041	0.771739	40.5748	25.9242	0.19455
rs867126184	11438357	0.0652174	135.038	28.8055	0.670981
rs7573458	11439107	0.173913	43.316	35.9173	0.081344
rs62118012	11441993	0.804348	37.778	36.6269	0.0134388
rs12692434	11442583	0.195652	36.6269	37.7761	-0.0134175
rs12692435	11445098	0.782609	39.6879	29.8206	0.124142
rs6733312	11446507	0.206522	32.982	38.6535	-0.0689122
rs6713273	11448334	0.195652	36.6269	37.6351	-0.0117928
rs12994807	11451445	0.782609	39.6819	30.1875	0.118765
rs10203916	11451984	0.217391	30.1875	39.6799	-0.118744
rs12992581	11456373	0.771739	40.5545	27.5601	0.167758
rs9712182	11458811	0.782609	39.6717	30.1506	0.119184
rs10929730	11459559	0.184783	40.034	36.6252	0.0386492
rs6755337	11460285	0.782609	39.6678	29.3243	0.13121
rs4669709	11462277	0.195652	36.0433	37.8495	-0.0212352
rs2084577	11466089	0.195652	36.0433	37.8472	-0.0212097
rs12692437	11480561	0.195652	36.0433	37.845	-0.0211842
rs4606895	11495419	0.173913	41.9026	36.0468	0.0653743
rs867971227	11503735	0.076087	112.945	29.5107	0.582887
rs12692440	11508494	0.402174	23.1329	44.1091	-0.280299
rs4668723	11509634	0.532609	52.161	17.8198	0.466444
rs12997263	11510487	0.163043	40.4242	25.788	0.195224
rs7420679	11510597	0.23913	44.5789	28.7813	0.190019
rs10202323	11512429	0.23913	40.7442	28.9406	0.148558
rs35231136	11513367	0.173913	35.9045	27.7642	0.111664
rs4477887	11522054	0.163043	28.5283	26.4629	0.0326379
rs62118906	11522644	0.141304	44.6166	19.8675	0.351352
rs12692442	11523135	0.163043	30.3477	20.8943	0.162097
rs9679729	11526479	0.858696	17.8275	31.4215	-0.246137
rs4076790	11529067	0.173913	28.1239	19.1823	0.166175
rs139722918	11532411	0.0543478	72.1344	15.2358	0.675277
rs10175541	11533711	0.173913	28.0072	18.7943	0.173244
rs149510081	11534720	0.0543478	72.1344	16.4757	0.641299
rs7558483	11537452	0.521739	22.0538	18.045	0.087126
rs79163829	11538351	0.0652174	48.3241	14.3507	0.52729
rs76171244	11538714	0.934783	14.3469	48.309	-0.52727
rs6432191	11548589	0.195652	15.153	15.9823	-0.02314
rs12615138	11557800	0.608696	15.7508	22.1418	-0.147912
rs11687178	11584197	0.358696	25.5784	15.0217	0.231156
rs144067605	11604922	0.0543478	72.4228	13.0789	0.743303
rs149986228	11605698	0.0543478	72.4228	13.0755	0.743419
rs147894349	11606775	0.945652	13.072	72.4228	-0.743534
rs185732596	11610530	0.0543478	72.4228	13.0684	0.743654
rs35734540	11612537	0.608696	15.2409	25.9309	-0.230807
rs141226034	11612810	0.0543478	72.4228	12.6291	0.758504
rs139162662	11613067	0.945652	12.6253	72.4228	-0.758633
rs73917220	11613977	0.945652	12.6216	72.4228	-0.758761
rs143810662	11617357	0.0652174	44.9396	12.1344	0.568613
rs6432200	11617423	0.391304	23.9561	14.3517	0.222511
rs4669742	11651307	0.380435	16.0887	16.2579	-0.0045435
rs13432124	11660000	0.0869565	17.6885	11.9248	0.17124
rs1051707750	11672494	0.0543478	94.9521	11.4666	0.918072
rs7568108	11683324	0.445652	19.0703	17.3052	0.0421805
rs7568223	11683423	0.445652	19.0606	17.3021	0.042037
rs12994182	11683898	0.445652	19.0508	17.299	0.0418934
rs148277627	11686252	0.0652174	21.7657	10.2642	0.326449
rs2043543	11687506	0.478261	20.796	15.1082	0.138767
rs71446416	11689210	0.076087	43.737	11.4295	0.582822
rs6745409	11690392	0.0543478	17.3125	11.5694	0.175048
rs6718650	11690990	0.0543478	17.3125	11.5665	0.175159
rs974162	11691250	0.076087	18.1009	11.2714	0.205722
rs4669749	11692664	0.380435	19.5654	14.5041	0.129997
rs6432215	11694782	0.130435	7.50072	12.4887	-0.221413
rs115352677	11706326	0.076087	56.3008	10.7889	0.717537
rs113467400	11720299	0.195652	24.5694	11.2078	0.340876
rs72772076	11728854	0.076087	56.4912	9.67722	0.76623
rs36030386	11736305	0.706522	12.6837	15.2644	-0.0804355
rs7557063	11738378	0.945652	9.28523	8.19225	0.0543896
rs16857679	11741157	0.336957	16.6093	12.8299	0.112128
rs11688915	11741390	0.0652174	7.6615	9.91842	-0.112129
rs12616734	11747063	0.119565	25.0038	9.10981	0.438496
rs12476319	11748406	0.391304	15.1425	10.2393	0.16993
rs6735957	11757009	0.0543478	8.49225	8.42359	0.00352539
rs7564647	11770685	0.163043	14.9595	8.80835	0.230023
rs2304402	11774324	0.445652	13.5579	8.209	0.217902
rs192639210	11785784	0.0543478	25.345	7.47997	0.529992
rs4401188	11793393	0.141304	13.9886	8.47715	0.217524
rs10174803	11797240	0.51087	14.0453	10.0898	0.143649
rs11677240	11820910	0.130435	20.5781	9.57011	0.332488
rs58989297	11824869	0.076087	26.85	9.20304	0.465014
rs56960281	11825201	0.076087	26.8024	9.20388	0.464203
rs6432228	11827277	0.445652	19.0436	8.92088	0.32934
rs11691729	11828569	0.717391	11.8116	13.742	-0.0657404
rs4427994	11830081	0.358696	12.0868	13.1977	-0.0381871
rs10178300	11835025	0.467391	9.29592	17.6268	-0.27788
rs4517949	11835859	0.141304	33.9281	9.44276	0.55546
rs11683869	11839076	0.326087	14.787	13.2407	0.0479695
rs76080774	11845115	0.0543478	17.069	8.91096	0.282283
rs149008367	11846149	0.130435	27.0102	8.82707	0.485711
rs6736021	11848472	0.467391	18.3468	9.15852	0.301736
rs7560325	11848984	0.163043	20.7657	9.22138	0.352551
rs62116212	11850260	0.184783	20.1027	10.8972	0.265941
rs58026116	11851725	0.141304	34.4533	10.2924	0.524714
rs11693935	11854851	0.076087	36.3728	10.9446	0.521577
rs116773585	11854926	0.130435	27.0102	11.3936	0.374867
rs11683719	11855513	0.184783	14.6657	13.8767	0.0240161
rs62113265	11866591	0.141304	20.5566	13.2865	0.189539
rs62113266	11868784	0.152174	18.4221	13.6027	0.131715
rs62113302	11879460	0.141304	19.8318	13.435	0.169125
rs6744695	11899088	0.782609	13.9629	16.0638	-0.0608745
rs10205400	11915284	0.391304	20.5986	10.6792	0.285299
rs7587836	11922855	0.206522	18.9528	10.0593	0.275104
rs17603197	11922987	0.195652	20.9473	9.94656	0.323454
rs4129757	11923418	0.347826	22.4665	10.7137	0.321596
rs756302	11930400	0.0543478	26.2327	10.6612	0.391035
rs2577261	11940787	0.923913	10.7942	15.4155	-0.154768
rs73917819	11947400	0.717391	14.1791	11.1224	0.105448
rs62114968	11951450	0.228261	14.8197	13.4669	0.0415734
rs74353705	11973604	0.163043	28.2742	12.1472	0.366913
rs75738964	11974915	0.173913	26.2483	12.4221	0.324904
rs139225197	11978499	0.0652174	45.326	10.8847	0.619529
rs6718950	11979525	0.467391	14.8654	15.7977	-0.0264159
rs146349175	11984618	0.0543478	77.2391	12.3985	0.794468
rs10201420	11984624	0.130435	21.2325	13.7984	0.187174
rs373576538	11985544	0.934783	12.4878	18.4761	-0.170124
rs545004837	11986321	0.0543478	78.1391	13.1067	0.775376
rs533138008	11986322	0.0543478	78.4391	13.1091	0.776961
rs12616049	11987497	0.0543478	78.7391	13.1115	0.778539
rs7578171	11989664	0.206522	14.7204	16.3101	-0.0445364
rs17545676	11991192	0.152174	17.2955	14.9398	0.0635894
rs13025686	12000052	0.173913	18.5971	14.5403	0.106871
rs60360590	12005646	0.0543478	82.7725	12.558	0.818965
rs16857959	12005719	0.152174	34.6662	12.9267	0.428419
rs893341	12017371	0.108696	17.1148	11.7797	0.162238
rs869163	12017824	0.076087	43.7363	10.7268	0.610373
rs141839405	12027983	0.141304	37.6296	12.1543	0.490798
rs56781281	12034155	0.119565	27.2795	11.3456	0.38101
rs4549056	12034322	0.108696	44.4218	11.2731	0.595551
rs4669784	12037968	0.717391	13.3211	18.8142	-0.149945
rs17605696	12039678	0.23913	23.0661	12.2201	0.275897
rs4668743	12039694	0.23913	17.7551	14.0974	0.100184
rs35020979	12040326	0.0869565	23.327	11.8808	0.293013
rs2716649	12040774	0.0543478	17.4637	12.3946	0.148903
rs113401019	12044381	0.108696	46.0214	13.2813	0.539719
rs138543502	12050051	0.108696	55.4268	13.6808	0.60761
rs72775870	12075910	0.0652174	37.4991	13.8422	0.432815
rs72775871	12075936	0.0652174	37.4991	13.8483	0.432626
rs2581083	12076077	0.217391	30.7162	15.6165	0.293783
rs2716613	12078496	0.684783	18.3612	16.4511	0.0477062
rs2249223	12083017	0.173913	53.2872	13.7896	0.58707
rs9287739	12083477	0.282609	25.0681	16.3573	0.18541
rs2581078	12083514	0.173913	53.3372	14.2948	0.571852
rs10168667	12094418	0.0543478	17.5641	12.8291	0.13643
rs2033873	12102830	0.380435	26.6652	14.3783	0.268239
rs116436485	12106199	0.0869565	42.3588	12.9586	0.514386
rs2581061	12112296	0.228261	33.1392	17.0578	0.28842
rs2581055	12117609	0.206522	39.9208	16.1984	0.391728
rs1371609	12119577	0.228261	33.5678	17.0699	0.293693
rs6736031	12122910	0.217391	36.5223	16.913	0.334338
rs2716629	12123584	0.173913	42.9258	15.6225	0.438967
rs185598098	12129743	0.0543478	132.279	15.8551	0.921321
rs12470329	12131309	0.108696	29.4304	16.6646	0.247001
rs74519310	12134259	0.0652174	92.1858	16.7589	0.740418
rs6754656	12134810	0.73913	21.9684	29.4958	-0.127962
rs6754671	12134872	0.173913	53.7004	19.4231	0.44166
rs4669793	12139070	0.173913	53.7088	19.4315	0.441539
rs10929775	12142379	0.173913	53.7171	19.4399	0.441418
rs1550399	12143324	0.173913	53.7254	19.4483	0.441298
rs1011968	12143402	0.173913	44.5199	16.8674	0.421506
rs10929776	12143698	0.184783	49.493	19.2701	0.409661
rs12471363	12144407	0.076087	51.0861	16.805	0.482863
rs115830140	12148701	0.0543478	137.779	15.6063	0.945884
rs12478664	12149069	0.0978261	32.2724	18.1454	0.250064
rs12463701	12150011	0.076087	51.2289	17.4257	0.468324
rs41354650	12150367	0.434783	37.8019	16.6127	0.357074
rs751578	12153444	0.630435	30.0703	19.7989	0.181497
rs60873627	12153700	0.076087	51.3718	17.5567	0.466281
rs73918413	12154933	0.076087	51.4194	17.5623	0.466544
rs6432249	12156050	0.271739	31.2979	23.4091	0.126131
rs12467999	12159408	0.880435	20.7288	24.1692	-0.0666885
rs12692452	12163225	0.163043	34.0198	22.313	0.183173
rs11676561	12167384	0.163043	34.0293	22.3195	0.183168
rs59609793	12169876	0.076087	51.4432	19.297	0.425838
rs73918426	12174376	0.076087	51.4432	19.3019	0.425728
rs7585074	12177316	0.163043	34.0579	22.1524	0.186796
rs2165219	12181388	0.228261	21.8304	25.5423	-0.0681987
rs11675063	12181503	0.228261	21.8352	25.5484	-0.0682066
rs73918432	12182171	0.076087	51.4432	20.1635	0.406762
rs11695831	12186655	0.076087	36.0804	20.1041	0.253987
rs58281155	12192295	0.0978261	15.8794	20.5552	-0.112087
rs17549909	12193065	0.315217	35.6849	19.8795	0.254078
rs72777651	12193161	0.076087	19.1851	17.8762	0.0306894
rs3930057	12193426	0.163043	32.6563	19.8012	0.217275
rs3856469	12195376	0.173913	28.7025	20.22	0.152139
rs6432254	12196768	0.836957	19.7259	32.6695	-0.219106
rs6432255	12199029	0.184783	27.9669	20.2512	0.140194
rs6432256	12199084	0.184783	27.9816	20.2548	0.140345
rs7562854	12199218	0.815217	20.2584	27.9963	-0.140496
rs10209414	12207743	0.141304	41.2062	16.5848	0.395252
rs10199513	12211273	0.771739	18.8172	20.3713	-0.0344625
rs6729317	12214108	0.326087	32.3138	13.2258	0.387966
rs7569619	12215603	0.173913	51.5635	11.6772	0.645003
rs6432257	12220993	0.326087	22.4842	14.2554	0.197896
rs12465663	12222279	0.195652	24.8903	12.0648	0.31451
rs34970030	12222531	0.402174	28.9109	11.1734	0.412877
rs6760943	12227797	0.163043	55.8154	11.165	0.698897
rs10183374	12231009	0.163043	28.3186	12.0855	0.369806
rs12612178	12242054	0.173913	54.7013	12.3054	0.647902
rs6432262	12242056	0.271739	17.9266	18.6713	-0.0176766
rs1470013	12248589	0.26087	19.2354	18.29	0.021887
rs11686069	12263852	0.108696	41.7423	13.5092	0.489945
rs7601706	12265210	0.163043	26.8716	13.2277	0.307809
rs12470224	12267700	0.23913	19.7987	13.8376	0.155575
rs28828189	12274861	0.195652	23.524	12.5725	0.27209
rs10929786	12278234	0.456522	11.26	22.2085	-0.29498
rs2118670	12280509	0.119565	35.8094	12.639	0.452283
rs12992106	12282667	0.195652	23.439	14.8007	0.199656
rs3863942	12283500	0.0978261	35.6878	12.8597	0.443291
rs16858333	12285268	0.271739	46.2403	12.4439	0.570064
rs10179718	12288075	0.543478	22.0272	22.6978	-0.0130251
rs34722030	12289332	0.130435	75.2457	13.3687	0.750394
rs12989685	12291019	0.380435	42.5434	18.5595	0.360265
rs1971516	12291656	0.119565	44.2303	19.0958	0.364781
rs746324	12296638	0.608696	29.764	34.2875	-0.0614443
rs2019096	12296639	0.26087	63.2706	21.181	0.475255
rs13406548	12298013	0.869565	25.331	26.087	-0.0127727
rs78070207	12298289	0.076087	86.2321	22.2327	0.588677
rs12992190	12299459	0.130435	26.0567	25.0442	0.0172115
rs12471914	12303325	0.173913	25.2404	28.1778	-0.0478113
rs12692468	12303589	0.0869565	39.9275	24.1366	0.218596
rs3906769	12305023	0.913043	24.1397	39.8917	-0.218151
rs3906767	12305222	0.913043	24.1429	39.856	-0.217705
rs75382205	12305319	0.076087	86.2321	23.8096	0.558918
rs78156892	12309947	0.076087	86.2321	23.812	0.558874
rs13431905	12311278	0.913043	24.2741	65.1741	-0.428931
rs111697711	12311523	0.0869565	65.1741	24.2754	0.428908
rs143851281	12312061	0.076087	86.2321	23.7863	0.559342
rs11674851	12312436	0.108696	29.9326	24.4979	0.0870158
rs74319148	12314488	0.0652174	61.2933	22.4985	0.435259
rs1347803	12315591	0.467391	42.5267	22.7056	0.272529
rs116197383	12320403	0.076087	86.1965	18.1306	0.677078
rs4669825	12321069	0.554348	32.1245	29.2038	0.0413962
rs11676351	12322198	0.076087	86.1965	19.6602	0.641903
rs79256934	12326421	0.0652174	61.6266	19.3542	0.502994
rs10181369	12327199	0.478261	25.0726	33.5924	-0.127041
rs11683325	12328463	0.076087	86.2397	19.2098	0.652185
rs10205430	12331260	0.108696	27.4995	20.8226	0.120791
rs114889607	12333889	0.0652174	61.8653	19.6376	0.49836
rs78830559	12334868	0.0652174	61.932	19.6344	0.498897
rs76761049	12338624	0.0869565	69.4413	19.8211	0.54449
rs13388795	12340177	0.130435	25.9117	21.3018	0.0850808
rs28686894	12342614	0.902174	19.7911	27.0471	-0.135651
rs6432270	12342726	0.467391	40.1564	20.452	0.293019
rs2380421	12344697	0.163043	31.3794	19.8687	0.198474
rs1377536	12346638	0.271739	60.3434	20.2514	0.474174
rs75779392	12347917	0.108696	65.5741	15.9547	0.613843
rs2380424	12349475	0.434783	36.9234	20.7004	0.251323
rs16858479	12361873	0.336957	41.7355	17.6372	0.374076
rs4669833	12362506	0.130435	42.0579	15.7697	0.426024
rs35653140	12362776	0.282609	55.3	16.512	0.524926
rs115006015	12363417	0.076087	122.589	14.6766	0.921826
rs190243577	12363527	0.0652174	117.551	13.4202	0.942465
rs35251638	12363681	0.282609	45.2286	16.6568	0.433823
rs1597982	12364470	0.336957	41.6914	15.5413	0.428561
rs4377310	12364515	0.336957	41.6818	15.5331	0.428689
rs12692473	12365264	0.619565	26.7941	20.0659	0.125581
rs7579120	12369214	0.0978261	75.0657	17.5574	0.630982
rs11685188	12373828	0.891304	19.214	49.5209	-0.411171
rs7586813	12378696	0.076087	26.4762	18.3543	0.159119
rs11694156	12384394	0.076087	22.619	18.4271	0.0890177
rs11682614	12384547	0.923913	18.4215	22.619	-0.0891497
rs12623335	12384815	0.923913	18.4159	22.619	-0.0892818
rs16822335	12386337	0.923913	18.4103	22.619	-0.089414
rs962646	12387260	0.076087	22.619	18.4047	0.0895461
rs12992291	12387305	0.597826	25.7298	16.9216	0.181995
rs1157516	12388519	0.902174	15.5357	35.6429	-0.360644
rs62117078	12400013	0.0652174	81.7841	13.4278	0.784664
rs10192295	12404849	0.467391	19.6577	20.5952	-0.0202316
rs10169880	12410454	0.369565	23.334	17.3295	0.129202
rs1453498	12411563	0.076087	51.0879	11.1475	0.661141
rs11903995	12411666	0.380435	22.5021	17.2825	0.114616
rs6432274	12416858	0.173913	40.9893	14.9444	0.43819
rs6432275	12418532	0.173913	40.9393	14.9416	0.437742
rs144736657	12431375	0.076087	55.7725	14.5935	0.582262
rs4669836	12433491	0.945652	15.2025	11.9086	0.106055
rs4669837	12433534	0.945652	15.2022	11.9086	0.106047
rs6761842	12434250	0.728261	19.1553	19.3813	-0.00509521
rs6710595	12434358	0.945652	13.5169	11.9086	0.0550154
rs17463173	12442189	0.0543478	37.7953	13.0507	0.461803
rs2890412	12447033	0.23913	24.7676	17.5122	0.150542
rs1453489	12451543	0.23913	24.7416	17.5143	0.150035
rs12463456	12456170	0.945652	14.569	8.31719	0.243453
rs4668755	12470912	0.282609	35.1624	15.4086	0.358314
